<?xml version='1.0' encoding='UTF-8'?>
<result plugin="junit@1.23">
  <suites>
    <suite>
      <file>E:\tpWorkSpace\ERP_AX\target\surefire-reports\TEST-TestSuite.xml</file>
      <name>TestSuite</name>
      <duration>3797.338</duration>
      <time>3,797.338</time>
      <enclosingBlocks/>
      <enclosingBlockNames/>
      <cases>
        <case>
          <duration>167.943</duration>
          <className>com.TestCases.sprint5.TC_846_VerifyInvoiceLineMatchedWithGross</className>
          <testName>StartTest</testName>
          <skipped>false</skipped>
          <failedSince>0</failedSince>
        </case>
        <case>
          <duration>247.948</duration>
          <className>com.TestCases.sprint5.TC_844_RequesterAndPreparerCorrectlyPopulated</className>
          <testName>StartTest</testName>
          <skipped>false</skipped>
          <failedSince>0</failedSince>
        </case>
        <case>
          <duration>144.174</duration>
          <className>com.TestCases.sprint5.TC_839_InvoiceCreatedCanBeMovedManuallyToPending</className>
          <testName>StartTest</testName>
          <skipped>false</skipped>
          <failedSince>0</failedSince>
        </case>
        <case>
          <duration>143.108</duration>
          <className>com.TestCases.sprint5.TC_843_InvoiceCanBeReceiptedOutside</className>
          <testName>StartTest</testName>
          <skipped>false</skipped>
          <failedSince>0</failedSince>
        </case>
        <case>
          <duration>106.15</duration>
          <className>com.TestCases.sprint5.TC_628_SatndardRemainConsistance</className>
          <testName>StartTest</testName>
          <skipped>false</skipped>
          <failedSince>0</failedSince>
        </case>
        <case>
          <duration>64.179</duration>
          <className>com.TestCases.sprint5.TC_860_NewAssetCanEdit</className>
          <testName>StartTest</testName>
          <skipped>false</skipped>
          <failedSince>0</failedSince>
        </case>
        <case>
          <duration>141.784</duration>
          <className>com.TestCases.sprint5.TC_786_GeneratedOnAinvoiceAfterExistingLineDeleted</className>
          <testName>StartTest</testName>
          <skipped>false</skipped>
          <failedSince>0</failedSince>
        </case>
        <case>
          <duration>45.725</duration>
          <className>com.TestCases.sprint5.TC_854_VerifyBankTransactionTypes</className>
          <testName>StartTest</testName>
          <skipped>false</skipped>
          <failedSince>0</failedSince>
        </case>
        <case>
          <duration>55.302</duration>
          <className>com.TestCases.sprint5.TC_855_VerifyBankTransactionGroup</className>
          <testName>StartTest</testName>
          <skipped>false</skipped>
          <failedSince>0</failedSince>
        </case>
        <case>
          <duration>162.284</duration>
          <className>com.TestCases.sprint5.TC_845_VerifyReceiptPartiallyMatched</className>
          <testName>StartTest</testName>
          <skipped>false</skipped>
          <failedSince>0</failedSince>
        </case>
        <case>
          <duration>234.649</duration>
          <className>com.TestCases.sprint5.TC_871_VerifyPRLineRaised</className>
          <testName>StartTest</testName>
          <skipped>false</skipped>
          <failedSince>0</failedSince>
        </case>
        <case>
          <duration>56.071</duration>
          <className>com.TestCases.sprint5.TC_858_NewBookCreatedOrUpdated</className>
          <testName>StartTest</testName>
          <skipped>false</skipped>
          <failedSince>0</failedSince>
        </case>
        <case>
          <duration>113.301</duration>
          <className>com.TestCases.sprint5.TC_627_SatndardRemainConsistance2</className>
          <testName>StartTest</testName>
          <skipped>false</skipped>
          <failedSince>0</failedSince>
        </case>
        <case>
          <duration>145.233</duration>
          <className>com.TestCases.sprint5.TC_840_InvoiceCanBeRemovedFromPendingInvoice</className>
          <testName>StartTest</testName>
          <skipped>false</skipped>
          <failedSince>0</failedSince>
        </case>
        <case>
          <duration>178.889</duration>
          <className>com.TestCases.sprint5.TC_847_GSTInvoiceLineUpdated</className>
          <testName>StartTest</testName>
          <skipped>false</skipped>
          <failedSince>0</failedSince>
        </case>
        <case>
          <duration>47.774</duration>
          <className>com.TestCases.sprint5.TC_853_VerifyBankGroups</className>
          <testName>StartTest</testName>
          <skipped>false</skipped>
          <failedSince>0</failedSince>
        </case>
        <case>
          <duration>94.103</duration>
          <className>com.TestCases.sprint5.TC_852_VerifyCashAndBankMagementParameters</className>
          <testName>StartTest</testName>
          <skipped>false</skipped>
          <failedSince>0</failedSince>
        </case>
        <case>
          <duration>186.629</duration>
          <className>com.TestCases.sprint5.TC_665_PoCloseWhenQuantityFullfilled</className>
          <testName>StartTest</testName>
          <skipped>false</skipped>
          <failedSince>0</failedSince>
        </case>
        <case>
          <duration>223.76</duration>
          <className>com.TestCases.sprint5.TC_868_PoWithMultipleLinesAndReciept</className>
          <testName>StartTest</testName>
          <skipped>false</skipped>
          <failedSince>0</failedSince>
        </case>
        <case>
          <duration>43.138</duration>
          <className>com.TestCases.sprint5.TC_856_VerifyBankReason</className>
          <testName>StartTest</testName>
          <skipped>false</skipped>
          <failedSince>0</failedSince>
        </case>
        <case>
          <duration>142.444</duration>
          <className>com.TestCases.sprint5.TC_669_ReceiptCorrectedInvoiceNotMacthed</className>
          <testName>StartTest</testName>
          <skipped>false</skipped>
          <failedSince>0</failedSince>
        </case>
        <case>
          <duration>361.047</duration>
          <className>com.TestCases.sprint5.TC_866_VerifyGSTStatusOnPOLine</className>
          <testName>StartTest</testName>
          <skipped>false</skipped>
          <failedSince>0</failedSince>
        </case>
        <case>
          <duration>184.863</duration>
          <className>com.TestCases.sprint5.TC_842_InvoiceCanBeReceiptedWithinSCForm</className>
          <testName>StartTest</testName>
          <skipped>false</skipped>
          <failedSince>0</failedSince>
        </case>
        <case>
          <duration>218.659</duration>
          <className>com.TestCases.sprint5.TC_867_GSTCorrectlyCalculated</className>
          <testName>StartTest</testName>
          <skipped>false</skipped>
          <failedSince>0</failedSince>
        </case>
        <case>
          <duration>88.43</duration>
          <className>com.TestCases.sprint5.TC_857_DepricationProfileCanBeCreatedOrCreateOne</className>
          <testName>StartTest</testName>
          <skipped>false</skipped>
          <failedSince>0</failedSince>
        </case>
        <case>
          <duration>94.172</duration>
          <className>com.TestCases.sprint5.TC_859_NewAssetProfileCanBeCreated</className>
          <testName>StartTest</testName>
          <skipped>false</skipped>
          <failedSince>0</failedSince>
        </case>
        <case>
          <duration>100.75</duration>
          <className>com.TestCases.sprint5.TC_670_PurchageAgreementDisplayCorrectlyInApprovalWindow</className>
          <testName>StartTest</testName>
          <skipped>false</skipped>
          <failedSince>0</failedSince>
        </case>
      </cases>
    </suite>
  </suites>
  <duration>3797.338</duration>
  <keepLongStdio>false</keepLongStdio>
</result>