<?xml version='1.0' encoding='UTF-8'?>
<result plugin="junit@1.23">
  <suites>
    <suite>
      <file>E:\tpWorkSpace\ERP_AX\target\surefire-reports\TEST-TestSuite.xml</file>
      <name>TestSuite</name>
      <duration>3818.316</duration>
      <time>3,818.316</time>
      <enclosingBlocks/>
      <enclosingBlockNames/>
      <cases>
        <case>
          <duration>180.252</duration>
          <className>com.TestCases.sprint5.TC_846_VerifyInvoiceLineMatchedWithGross</className>
          <testName>StartTest</testName>
          <skipped>false</skipped>
          <failedSince>0</failedSince>
        </case>
        <case>
          <duration>223.871</duration>
          <className>com.TestCases.sprint5.TC_844_RequesterAndPreparerCorrectlyPopulated</className>
          <testName>StartTest</testName>
          <skipped>false</skipped>
          <failedSince>0</failedSince>
        </case>
        <case>
          <duration>145.91</duration>
          <className>com.TestCases.sprint5.TC_839_InvoiceCreatedCanBeMovedManuallyToPending</className>
          <testName>StartTest</testName>
          <skipped>false</skipped>
          <failedSince>0</failedSince>
        </case>
        <case>
          <duration>146.493</duration>
          <className>com.TestCases.sprint5.TC_843_InvoiceCanBeReceiptedOutside</className>
          <testName>StartTest</testName>
          <skipped>false</skipped>
          <failedSince>0</failedSince>
        </case>
        <case>
          <duration>109.236</duration>
          <className>com.TestCases.sprint5.TC_628_SatndardRemainConsistance</className>
          <testName>StartTest</testName>
          <skipped>false</skipped>
          <failedSince>0</failedSince>
        </case>
        <case>
          <duration>62.976</duration>
          <className>com.TestCases.sprint5.TC_860_NewAssetCanEdit</className>
          <testName>StartTest</testName>
          <skipped>false</skipped>
          <failedSince>0</failedSince>
        </case>
        <case>
          <duration>149.125</duration>
          <className>com.TestCases.sprint5.TC_786_GeneratedOnAinvoiceAfterExistingLineDeleted</className>
          <testName>StartTest</testName>
          <skipped>false</skipped>
          <failedSince>0</failedSince>
        </case>
        <case>
          <duration>42.57</duration>
          <className>com.TestCases.sprint5.TC_854_VerifyBankTransactionTypes</className>
          <testName>StartTest</testName>
          <skipped>false</skipped>
          <failedSince>0</failedSince>
        </case>
        <case>
          <duration>51.203</duration>
          <className>com.TestCases.sprint5.TC_855_VerifyBankTransactionGroup</className>
          <testName>StartTest</testName>
          <skipped>false</skipped>
          <failedSince>0</failedSince>
        </case>
        <case>
          <duration>159.512</duration>
          <className>com.TestCases.sprint5.TC_845_VerifyReceiptPartiallyMatched</className>
          <testName>StartTest</testName>
          <skipped>false</skipped>
          <failedSince>0</failedSince>
        </case>
        <case>
          <duration>226.587</duration>
          <className>com.TestCases.sprint5.TC_871_VerifyPRLineRaised</className>
          <testName>StartTest</testName>
          <skipped>false</skipped>
          <failedSince>0</failedSince>
        </case>
        <case>
          <duration>51.887</duration>
          <className>com.TestCases.sprint5.TC_858_NewBookCreatedOrUpdated</className>
          <testName>StartTest</testName>
          <skipped>false</skipped>
          <failedSince>0</failedSince>
        </case>
        <case>
          <duration>100.503</duration>
          <className>com.TestCases.sprint5.TC_627_SatndardRemainConsistance2</className>
          <testName>StartTest</testName>
          <skipped>false</skipped>
          <failedSince>0</failedSince>
        </case>
        <case>
          <duration>147.258</duration>
          <className>com.TestCases.sprint5.TC_840_InvoiceCanBeRemovedFromPendingInvoice</className>
          <testName>StartTest</testName>
          <skipped>false</skipped>
          <failedSince>0</failedSince>
        </case>
        <case>
          <duration>177.695</duration>
          <className>com.TestCases.sprint5.TC_847_GSTInvoiceLineUpdated</className>
          <testName>StartTest</testName>
          <skipped>false</skipped>
          <failedSince>0</failedSince>
        </case>
        <case>
          <duration>47.496</duration>
          <className>com.TestCases.sprint5.TC_853_VerifyBankGroups</className>
          <testName>StartTest</testName>
          <skipped>false</skipped>
          <failedSince>0</failedSince>
        </case>
        <case>
          <duration>93.053</duration>
          <className>com.TestCases.sprint5.TC_852_VerifyCashAndBankMagementParameters</className>
          <testName>StartTest</testName>
          <skipped>false</skipped>
          <failedSince>0</failedSince>
        </case>
        <case>
          <duration>167.762</duration>
          <className>com.TestCases.sprint5.TC_665_PoCloseWhenQuantityFullfilled</className>
          <testName>StartTest</testName>
          <skipped>false</skipped>
          <failedSince>0</failedSince>
        </case>
        <case>
          <duration>229.73</duration>
          <className>com.TestCases.sprint5.TC_868_PoWithMultipleLinesAndReciept</className>
          <testName>StartTest</testName>
          <skipped>false</skipped>
          <failedSince>0</failedSince>
        </case>
        <case>
          <duration>49.807</duration>
          <className>com.TestCases.sprint5.TC_856_VerifyBankReason</className>
          <testName>StartTest</testName>
          <skipped>false</skipped>
          <failedSince>0</failedSince>
        </case>
        <case>
          <duration>144.595</duration>
          <className>com.TestCases.sprint5.TC_669_ReceiptCorrectedInvoiceNotMacthed</className>
          <testName>StartTest</testName>
          <skipped>false</skipped>
          <failedSince>0</failedSince>
        </case>
        <case>
          <duration>382.785</duration>
          <className>com.TestCases.sprint5.TC_866_VerifyGSTStatusOnPOLine</className>
          <testName>StartTest</testName>
          <skipped>false</skipped>
          <failedSince>0</failedSince>
        </case>
        <case>
          <duration>204.504</duration>
          <className>com.TestCases.sprint5.TC_842_InvoiceCanBeReceiptedWithinSCForm</className>
          <testName>StartTest</testName>
          <skipped>false</skipped>
          <failedSince>0</failedSince>
        </case>
        <case>
          <duration>228.774</duration>
          <className>com.TestCases.sprint5.TC_867_GSTCorrectlyCalculated</className>
          <testName>StartTest</testName>
          <skipped>false</skipped>
          <failedSince>0</failedSince>
        </case>
        <case>
          <duration>88.896</duration>
          <className>com.TestCases.sprint5.TC_857_DepricationProfileCanBeCreatedOrCreateOne</className>
          <testName>StartTest</testName>
          <skipped>false</skipped>
          <failedSince>0</failedSince>
        </case>
        <case>
          <duration>97.462</duration>
          <className>com.TestCases.sprint5.TC_859_NewAssetProfileCanBeCreated</className>
          <testName>StartTest</testName>
          <skipped>false</skipped>
          <failedSince>0</failedSince>
        </case>
        <case>
          <duration>103.721</duration>
          <className>com.TestCases.sprint5.TC_670_PurchageAgreementDisplayCorrectlyInApprovalWindow</className>
          <testName>StartTest</testName>
          <skipped>false</skipped>
          <failedSince>0</failedSince>
        </case>
      </cases>
    </suite>
  </suites>
  <duration>3818.316</duration>
  <keepLongStdio>false</keepLongStdio>
</result>