<?xml version='1.0' encoding='UTF-8'?>
<result plugin="junit@1.23">
  <suites>
    <suite>
      <file>E:\tpWorkSpace\ERP_AX\target\surefire-reports\TEST-TestSuite.xml</file>
      <name>TestSuite</name>
      <duration>3665.017</duration>
      <time>3,665.017</time>
      <enclosingBlocks/>
      <enclosingBlockNames/>
      <cases>
        <case>
          <duration>189.614</duration>
          <className>com.TestCases.sprint5.TC_846_VerifyInvoiceLineMatchedWithGross</className>
          <testName>StartTest</testName>
          <skipped>false</skipped>
          <failedSince>0</failedSince>
        </case>
        <case>
          <duration>242.849</duration>
          <className>com.TestCases.sprint5.TC_844_RequesterAndPreparerCorrectlyPopulated</className>
          <testName>StartTest</testName>
          <skipped>false</skipped>
          <failedSince>0</failedSince>
        </case>
        <case>
          <duration>136.784</duration>
          <className>com.TestCases.sprint5.TC_839_InvoiceCreatedCanBeMovedManuallyToPending</className>
          <testName>StartTest</testName>
          <skipped>false</skipped>
          <failedSince>0</failedSince>
        </case>
        <case>
          <duration>139.111</duration>
          <className>com.TestCases.sprint5.TC_843_InvoiceCanBeReceiptedOutside</className>
          <testName>StartTest</testName>
          <skipped>false</skipped>
          <failedSince>0</failedSince>
        </case>
        <case>
          <duration>89.038</duration>
          <className>com.TestCases.sprint5.TC_628_SatndardRemainConsistance</className>
          <testName>StartTest</testName>
          <skipped>false</skipped>
          <failedSince>0</failedSince>
        </case>
        <case>
          <duration>56.161</duration>
          <className>com.TestCases.sprint5.TC_860_NewAssetCanEdit</className>
          <testName>StartTest</testName>
          <skipped>false</skipped>
          <failedSince>0</failedSince>
        </case>
        <case>
          <duration>148.33</duration>
          <className>com.TestCases.sprint5.TC_786_GeneratedOnAinvoiceAfterExistingLineDeleted</className>
          <testName>StartTest</testName>
          <skipped>false</skipped>
          <failedSince>0</failedSince>
        </case>
        <case>
          <duration>44.716</duration>
          <className>com.TestCases.sprint5.TC_854_VerifyBankTransactionTypes</className>
          <testName>StartTest</testName>
          <skipped>false</skipped>
          <failedSince>0</failedSince>
        </case>
        <case>
          <duration>50.175</duration>
          <className>com.TestCases.sprint5.TC_855_VerifyBankTransactionGroup</className>
          <testName>StartTest</testName>
          <skipped>false</skipped>
          <failedSince>0</failedSince>
        </case>
        <case>
          <duration>151.224</duration>
          <className>com.TestCases.sprint5.TC_845_VerifyReceiptPartiallyMatched</className>
          <testName>StartTest</testName>
          <skipped>false</skipped>
          <failedSince>0</failedSince>
        </case>
        <case>
          <duration>221.287</duration>
          <className>com.TestCases.sprint5.TC_871_VerifyPRLineRaised</className>
          <testName>StartTest</testName>
          <skipped>false</skipped>
          <failedSince>0</failedSince>
        </case>
        <case>
          <duration>49.389</duration>
          <className>com.TestCases.sprint5.TC_858_NewBookCreatedOrUpdated</className>
          <testName>StartTest</testName>
          <skipped>false</skipped>
          <failedSince>0</failedSince>
        </case>
        <case>
          <duration>88.488</duration>
          <className>com.TestCases.sprint5.TC_627_SatndardRemainConsistance2</className>
          <testName>StartTest</testName>
          <skipped>false</skipped>
          <failedSince>0</failedSince>
        </case>
        <case>
          <duration>137.63</duration>
          <className>com.TestCases.sprint5.TC_840_InvoiceCanBeRemovedFromPendingInvoice</className>
          <testName>StartTest</testName>
          <skipped>false</skipped>
          <failedSince>0</failedSince>
        </case>
        <case>
          <duration>194.792</duration>
          <className>com.TestCases.sprint5.TC_847_GSTInvoiceLineUpdated</className>
          <testName>StartTest</testName>
          <skipped>false</skipped>
          <failedSince>0</failedSince>
        </case>
        <case>
          <duration>63.097</duration>
          <className>com.TestCases.sprint5.TC_853_VerifyBankGroups</className>
          <testName>StartTest</testName>
          <skipped>false</skipped>
          <failedSince>0</failedSince>
        </case>
        <case>
          <duration>92.865</duration>
          <className>com.TestCases.sprint5.TC_852_VerifyCashAndBankMagementParameters</className>
          <testName>StartTest</testName>
          <skipped>false</skipped>
          <failedSince>0</failedSince>
        </case>
        <case>
          <duration>165.011</duration>
          <className>com.TestCases.sprint5.TC_665_PoCloseWhenQuantityFullfilled</className>
          <testName>StartTest</testName>
          <skipped>false</skipped>
          <failedSince>0</failedSince>
        </case>
        <case>
          <duration>206.209</duration>
          <className>com.TestCases.sprint5.TC_868_PoWithMultipleLinesAndReciept</className>
          <testName>StartTest</testName>
          <skipped>false</skipped>
          <failedSince>0</failedSince>
        </case>
        <case>
          <duration>54.411</duration>
          <className>com.TestCases.sprint5.TC_856_VerifyBankReason</className>
          <testName>StartTest</testName>
          <skipped>false</skipped>
          <failedSince>0</failedSince>
        </case>
        <case>
          <duration>140.758</duration>
          <className>com.TestCases.sprint5.TC_669_ReceiptCorrectedInvoiceNotMacthed</className>
          <testName>StartTest</testName>
          <skipped>false</skipped>
          <failedSince>0</failedSince>
        </case>
        <case>
          <duration>323.396</duration>
          <className>com.TestCases.sprint5.TC_866_VerifyGSTStatusOnPOLine</className>
          <testName>StartTest</testName>
          <skipped>false</skipped>
          <failedSince>0</failedSince>
        </case>
        <case>
          <duration>183.871</duration>
          <className>com.TestCases.sprint5.TC_842_InvoiceCanBeReceiptedWithinSCForm</className>
          <testName>StartTest</testName>
          <skipped>false</skipped>
          <failedSince>0</failedSince>
        </case>
        <case>
          <duration>209.095</duration>
          <className>com.TestCases.sprint5.TC_867_GSTCorrectlyCalculated</className>
          <testName>StartTest</testName>
          <skipped>false</skipped>
          <failedSince>0</failedSince>
        </case>
        <case>
          <duration>82.794</duration>
          <className>com.TestCases.sprint5.TC_857_DepricationProfileCanBeCreatedOrCreateOne</className>
          <testName>StartTest</testName>
          <skipped>false</skipped>
          <failedSince>0</failedSince>
        </case>
        <case>
          <duration>98.918</duration>
          <className>com.TestCases.sprint5.TC_859_NewAssetProfileCanBeCreated</className>
          <testName>StartTest</testName>
          <skipped>false</skipped>
          <failedSince>0</failedSince>
        </case>
        <case>
          <duration>99.569</duration>
          <className>com.TestCases.sprint5.TC_670_PurchageAgreementDisplayCorrectlyInApprovalWindow</className>
          <testName>StartTest</testName>
          <skipped>false</skipped>
          <failedSince>0</failedSince>
        </case>
      </cases>
    </suite>
  </suites>
  <duration>3665.017</duration>
  <keepLongStdio>false</keepLongStdio>
</result>