<?xml version='1.0' encoding='UTF-8'?>
<result plugin="junit@1.23">
  <suites>
    <suite>
      <file>E:\tpWorkSpace\AutomationFrameworkUsingTestNG\target\surefire-reports\TEST-TestSuite.xml</file>
      <name>TestSuite</name>
      <duration>1.526</duration>
      <time>1.526</time>
      <enclosingBlocks/>
      <enclosingBlockNames/>
      <cases>
        <case>
          <duration>0.019</duration>
          <className>tests.inheritTestNg.TestValue</className>
          <testName>testuif</testName>
          <skipped>false</skipped>
          <failedSince>0</failedSince>
        </case>
      </cases>
    </suite>
  </suites>
  <duration>1.526</duration>
  <keepLongStdio>false</keepLongStdio>
</result>