<?xml version='1.0' encoding='UTF-8'?>
<result plugin="junit@1.23">
  <suites>
    <suite>
      <file>E:\TESTING\TPworkSpace\SampleProject\target\surefire-reports\TEST-TestSuite.xml</file>
      <name>TestSuite</name>
      <duration>0.472</duration>
      <time>0.472</time>
      <enclosingBlocks/>
      <enclosingBlockNames/>
      <cases>
        <case>
          <duration>0.009</duration>
          <className>testCases.test</className>
          <testName>testing</testName>
          <skipped>false</skipped>
          <failedSince>0</failedSince>
        </case>
      </cases>
    </suite>
  </suites>
  <duration>0.472</duration>
  <keepLongStdio>false</keepLongStdio>
</result>