<?xml version='1.0' encoding='UTF-8'?>
<result plugin="junit@1.23">
  <suites>
    <suite>
      <file>E:\tpWorkSpace\ERP_AX\target\surefire-reports\TEST-TestSuite.xml</file>
      <name>TestSuite</name>
      <duration>3503.624</duration>
      <time>3,503.624</time>
      <enclosingBlocks/>
      <enclosingBlockNames/>
      <cases>
        <case>
          <duration>168.25</duration>
          <className>com.TestCases.sprint5.TC_846_VerifyInvoiceLineMatchedWithGross</className>
          <testName>StartTest</testName>
          <skipped>false</skipped>
          <failedSince>0</failedSince>
        </case>
        <case>
          <duration>211.091</duration>
          <className>com.TestCases.sprint5.TC_844_RequesterAndPreparerCorrectlyPopulated</className>
          <testName>StartTest</testName>
          <skipped>false</skipped>
          <failedSince>0</failedSince>
        </case>
        <case>
          <duration>139.505</duration>
          <className>com.TestCases.sprint5.TC_839_InvoiceCreatedCanBeMovedManuallyToPending</className>
          <testName>StartTest</testName>
          <skipped>false</skipped>
          <failedSince>0</failedSince>
        </case>
        <case>
          <duration>140.301</duration>
          <className>com.TestCases.sprint5.TC_843_InvoiceCanBeReceiptedOutside</className>
          <testName>StartTest</testName>
          <skipped>false</skipped>
          <failedSince>0</failedSince>
        </case>
        <case>
          <duration>90.19</duration>
          <className>com.TestCases.sprint5.TC_628_SatndardRemainConsistance</className>
          <testName>StartTest</testName>
          <skipped>false</skipped>
          <failedSince>0</failedSince>
        </case>
        <case>
          <duration>57.958</duration>
          <className>com.TestCases.sprint5.TC_860_NewAssetCanEdit</className>
          <testName>StartTest</testName>
          <skipped>false</skipped>
          <failedSince>0</failedSince>
        </case>
        <case>
          <duration>149.714</duration>
          <className>com.TestCases.sprint5.TC_786_GeneratedOnAinvoiceAfterExistingLineDeleted</className>
          <testName>StartTest</testName>
          <skipped>false</skipped>
          <failedSince>0</failedSince>
        </case>
        <case>
          <duration>44.544</duration>
          <className>com.TestCases.sprint5.TC_854_VerifyBankTransactionTypes</className>
          <testName>StartTest</testName>
          <skipped>false</skipped>
          <failedSince>0</failedSince>
        </case>
        <case>
          <duration>50.185</duration>
          <className>com.TestCases.sprint5.TC_855_VerifyBankTransactionGroup</className>
          <testName>StartTest</testName>
          <skipped>false</skipped>
          <failedSince>0</failedSince>
        </case>
        <case>
          <duration>146.671</duration>
          <className>com.TestCases.sprint5.TC_845_VerifyReceiptPartiallyMatched</className>
          <testName>StartTest</testName>
          <skipped>false</skipped>
          <failedSince>0</failedSince>
        </case>
        <case>
          <duration>224.412</duration>
          <className>com.TestCases.sprint5.TC_871_VerifyPRLineRaised</className>
          <testName>StartTest</testName>
          <skipped>false</skipped>
          <failedSince>0</failedSince>
        </case>
        <case>
          <duration>47.504</duration>
          <className>com.TestCases.sprint5.TC_858_NewBookCreatedOrUpdated</className>
          <testName>StartTest</testName>
          <skipped>false</skipped>
          <failedSince>0</failedSince>
        </case>
        <case>
          <duration>87.573</duration>
          <className>com.TestCases.sprint5.TC_627_SatndardRemainConsistance2</className>
          <testName>StartTest</testName>
          <skipped>false</skipped>
          <failedSince>0</failedSince>
        </case>
        <case>
          <duration>138.217</duration>
          <className>com.TestCases.sprint5.TC_840_InvoiceCanBeRemovedFromPendingInvoice</className>
          <testName>StartTest</testName>
          <skipped>false</skipped>
          <failedSince>0</failedSince>
        </case>
        <case>
          <duration>167.423</duration>
          <className>com.TestCases.sprint5.TC_847_GSTInvoiceLineUpdated</className>
          <testName>StartTest</testName>
          <skipped>false</skipped>
          <failedSince>0</failedSince>
        </case>
        <case>
          <duration>44.643</duration>
          <className>com.TestCases.sprint5.TC_853_VerifyBankGroups</className>
          <testName>StartTest</testName>
          <skipped>false</skipped>
          <failedSince>0</failedSince>
        </case>
        <case>
          <duration>93.237</duration>
          <className>com.TestCases.sprint5.TC_852_VerifyCashAndBankMagementParameters</className>
          <testName>StartTest</testName>
          <skipped>false</skipped>
          <failedSince>0</failedSince>
        </case>
        <case>
          <duration>165.301</duration>
          <className>com.TestCases.sprint5.TC_665_PoCloseWhenQuantityFullfilled</className>
          <testName>StartTest</testName>
          <skipped>false</skipped>
          <failedSince>0</failedSince>
        </case>
        <case>
          <duration>210.552</duration>
          <className>com.TestCases.sprint5.TC_868_PoWithMultipleLinesAndReciept</className>
          <testName>StartTest</testName>
          <skipped>false</skipped>
          <failedSince>0</failedSince>
        </case>
        <case>
          <duration>37.773</duration>
          <className>com.TestCases.sprint5.TC_856_VerifyBankReason</className>
          <testName>StartTest</testName>
          <skipped>false</skipped>
          <failedSince>0</failedSince>
        </case>
        <case>
          <duration>134.902</duration>
          <className>com.TestCases.sprint5.TC_669_ReceiptCorrectedInvoiceNotMacthed</className>
          <testName>StartTest</testName>
          <skipped>false</skipped>
          <failedSince>0</failedSince>
        </case>
        <case>
          <duration>312.934</duration>
          <className>com.TestCases.sprint5.TC_866_VerifyGSTStatusOnPOLine</className>
          <testName>StartTest</testName>
          <skipped>false</skipped>
          <failedSince>0</failedSince>
        </case>
        <case>
          <duration>166.962</duration>
          <className>com.TestCases.sprint5.TC_842_InvoiceCanBeReceiptedWithinSCForm</className>
          <testName>StartTest</testName>
          <skipped>false</skipped>
          <failedSince>0</failedSince>
        </case>
        <case>
          <duration>205.793</duration>
          <className>com.TestCases.sprint5.TC_867_GSTCorrectlyCalculated</className>
          <testName>StartTest</testName>
          <skipped>false</skipped>
          <failedSince>0</failedSince>
        </case>
        <case>
          <duration>83.637</duration>
          <className>com.TestCases.sprint5.TC_857_DepricationProfileCanBeCreatedOrCreateOne</className>
          <testName>StartTest</testName>
          <skipped>false</skipped>
          <failedSince>0</failedSince>
        </case>
        <case>
          <duration>85.114</duration>
          <className>com.TestCases.sprint5.TC_859_NewAssetProfileCanBeCreated</className>
          <testName>StartTest</testName>
          <skipped>false</skipped>
          <failedSince>0</failedSince>
        </case>
        <case>
          <duration>94.412</duration>
          <className>com.TestCases.sprint5.TC_670_PurchageAgreementDisplayCorrectlyInApprovalWindow</className>
          <testName>StartTest</testName>
          <skipped>false</skipped>
          <failedSince>0</failedSince>
        </case>
      </cases>
    </suite>
  </suites>
  <duration>3503.624</duration>
  <keepLongStdio>false</keepLongStdio>
</result>