<?xml version='1.0' encoding='UTF-8'?>
<result plugin="junit@1.23">
  <suites>
    <suite>
      <file>E:\tpWorkSpace\ERP_AX\target\surefire-reports\TEST-TestSuite.xml</file>
      <name>TestSuite</name>
      <duration>3451.666</duration>
      <time>3,451.666</time>
      <enclosingBlocks/>
      <enclosingBlockNames/>
      <cases>
        <case>
          <duration>165.565</duration>
          <className>com.TestCases.sprint5.TC_846_VerifyInvoiceLineMatchedWithGross</className>
          <testName>StartTest</testName>
          <skipped>false</skipped>
          <failedSince>0</failedSince>
        </case>
        <case>
          <duration>237.598</duration>
          <className>com.TestCases.sprint5.TC_844_RequesterAndPreparerCorrectlyPopulated</className>
          <testName>StartTest</testName>
          <skipped>false</skipped>
          <failedSince>0</failedSince>
        </case>
        <case>
          <duration>135.364</duration>
          <className>com.TestCases.sprint5.TC_839_InvoiceCreatedCanBeMovedManuallyToPending</className>
          <testName>StartTest</testName>
          <skipped>false</skipped>
          <failedSince>0</failedSince>
        </case>
        <case>
          <duration>135.499</duration>
          <className>com.TestCases.sprint5.TC_843_InvoiceCanBeReceiptedOutside</className>
          <testName>StartTest</testName>
          <skipped>false</skipped>
          <failedSince>0</failedSince>
        </case>
        <case>
          <duration>86.37</duration>
          <className>com.TestCases.sprint5.TC_628_SatndardRemainConsistance</className>
          <testName>StartTest</testName>
          <skipped>false</skipped>
          <failedSince>0</failedSince>
        </case>
        <case>
          <duration>55.08</duration>
          <className>com.TestCases.sprint5.TC_860_NewAssetCanEdit</className>
          <testName>StartTest</testName>
          <skipped>false</skipped>
          <failedSince>0</failedSince>
        </case>
        <case>
          <duration>146.592</duration>
          <className>com.TestCases.sprint5.TC_786_GeneratedOnAinvoiceAfterExistingLineDeleted</className>
          <testName>StartTest</testName>
          <skipped>false</skipped>
          <failedSince>0</failedSince>
        </case>
        <case>
          <duration>45.779</duration>
          <className>com.TestCases.sprint5.TC_854_VerifyBankTransactionTypes</className>
          <testName>StartTest</testName>
          <skipped>false</skipped>
          <failedSince>0</failedSince>
        </case>
        <case>
          <duration>46.521</duration>
          <className>com.TestCases.sprint5.TC_855_VerifyBankTransactionGroup</className>
          <testName>StartTest</testName>
          <skipped>false</skipped>
          <failedSince>0</failedSince>
        </case>
        <case>
          <duration>147.787</duration>
          <className>com.TestCases.sprint5.TC_845_VerifyReceiptPartiallyMatched</className>
          <testName>StartTest</testName>
          <skipped>false</skipped>
          <failedSince>0</failedSince>
        </case>
        <case>
          <duration>217.976</duration>
          <className>com.TestCases.sprint5.TC_871_VerifyPRLineRaised</className>
          <testName>StartTest</testName>
          <skipped>false</skipped>
          <failedSince>0</failedSince>
        </case>
        <case>
          <duration>50.081</duration>
          <className>com.TestCases.sprint5.TC_858_NewBookCreatedOrUpdated</className>
          <testName>StartTest</testName>
          <skipped>false</skipped>
          <failedSince>0</failedSince>
        </case>
        <case>
          <duration>90.506</duration>
          <className>com.TestCases.sprint5.TC_627_SatndardRemainConsistance2</className>
          <testName>StartTest</testName>
          <skipped>false</skipped>
          <failedSince>0</failedSince>
        </case>
        <case>
          <duration>135.646</duration>
          <className>com.TestCases.sprint5.TC_840_InvoiceCanBeRemovedFromPendingInvoice</className>
          <testName>StartTest</testName>
          <skipped>false</skipped>
          <failedSince>0</failedSince>
        </case>
        <case>
          <duration>164.393</duration>
          <className>com.TestCases.sprint5.TC_847_GSTInvoiceLineUpdated</className>
          <testName>StartTest</testName>
          <skipped>false</skipped>
          <failedSince>0</failedSince>
        </case>
        <case>
          <duration>42.977</duration>
          <className>com.TestCases.sprint5.TC_853_VerifyBankGroups</className>
          <testName>StartTest</testName>
          <skipped>false</skipped>
          <failedSince>0</failedSince>
        </case>
        <case>
          <duration>86.23</duration>
          <className>com.TestCases.sprint5.TC_852_VerifyCashAndBankMagementParameters</className>
          <testName>StartTest</testName>
          <skipped>false</skipped>
          <failedSince>0</failedSince>
        </case>
        <case>
          <duration>154.626</duration>
          <className>com.TestCases.sprint5.TC_665_PoCloseWhenQuantityFullfilled</className>
          <testName>StartTest</testName>
          <skipped>false</skipped>
          <failedSince>0</failedSince>
        </case>
        <case>
          <duration>201.988</duration>
          <className>com.TestCases.sprint5.TC_868_PoWithMultipleLinesAndReciept</className>
          <testName>StartTest</testName>
          <skipped>false</skipped>
          <failedSince>0</failedSince>
        </case>
        <case>
          <duration>38.222</duration>
          <className>com.TestCases.sprint5.TC_856_VerifyBankReason</className>
          <testName>StartTest</testName>
          <skipped>false</skipped>
          <failedSince>0</failedSince>
        </case>
        <case>
          <duration>129.884</duration>
          <className>com.TestCases.sprint5.TC_669_ReceiptCorrectedInvoiceNotMacthed</className>
          <testName>StartTest</testName>
          <skipped>false</skipped>
          <failedSince>0</failedSince>
        </case>
        <case>
          <duration>315.724</duration>
          <className>com.TestCases.sprint5.TC_866_VerifyGSTStatusOnPOLine</className>
          <testName>StartTest</testName>
          <skipped>false</skipped>
          <failedSince>0</failedSince>
        </case>
        <case>
          <duration>164.251</duration>
          <className>com.TestCases.sprint5.TC_842_InvoiceCanBeReceiptedWithinSCForm</className>
          <testName>StartTest</testName>
          <skipped>false</skipped>
          <failedSince>0</failedSince>
        </case>
        <case>
          <duration>189.712</duration>
          <className>com.TestCases.sprint5.TC_867_GSTCorrectlyCalculated</className>
          <testName>StartTest</testName>
          <skipped>false</skipped>
          <failedSince>0</failedSince>
        </case>
        <case>
          <duration>82.543</duration>
          <className>com.TestCases.sprint5.TC_857_DepricationProfileCanBeCreatedOrCreateOne</className>
          <testName>StartTest</testName>
          <skipped>false</skipped>
          <failedSince>0</failedSince>
        </case>
        <case>
          <duration>86.58</duration>
          <className>com.TestCases.sprint5.TC_859_NewAssetProfileCanBeCreated</className>
          <testName>StartTest</testName>
          <skipped>false</skipped>
          <failedSince>0</failedSince>
        </case>
        <case>
          <duration>93.669</duration>
          <className>com.TestCases.sprint5.TC_670_PurchageAgreementDisplayCorrectlyInApprovalWindow</className>
          <testName>StartTest</testName>
          <skipped>false</skipped>
          <failedSince>0</failedSince>
        </case>
      </cases>
    </suite>
  </suites>
  <duration>3451.666</duration>
  <keepLongStdio>false</keepLongStdio>
</result>